<?xml version="1.0" encoding="UTF-8"?>
<!-- Generated by org.testng.reporters.JUnitReportReporter -->
<testsuite hostname="DESKTOP-CBAH624" failures="0" tests="1" name="TestClasses.DashboardPageTest" time="31.379" errors="0" timestamp="23 Aug 2025 03:43:09 GMT" skipped="0">
  <testcase classname="TestClasses.DashboardPageTest" name="panelCheck" time="31.379"/>
</testsuite> <!-- TestClasses.DashboardPageTest -->
